15:06:13 **** Incremental Build of configuration Nios II for project IP_project ****
make all 
Info: Building ../IP_project_bsp/
C:/intelFPGA_lite/18.1/nios2eds/bin/gnu/H-x86_64-mingw32/bin/make --no-print-directory -C ../IP_project_bsp/
[BSP build complete]
[IP_project build complete]
15:07:32 **** Build of configuration Nios II for project IP_project ****
make all 
Info: Building ../IP_project_bsp/
C:/intelFPGA_lite/18.1/nios2eds/bin/gnu/H-x86_64-mingw32/bin/make --no-print-directory -C ../IP_project_bsp/
[BSP build complete]
[IP_project build complete]
15:07:38 **** Incremental Build of configuration Nios II for project IP_project ****
make all 
Info: Building ../IP_project_bsp/
C:/intelFPGA_lite/18.1/nios2eds/bin/gnu/H-x86_64-mingw32/bin/make --no-print-directory -C ../IP_project_bsp/
[BSP build complete]
Info: Compiling hello_world_small.c to obj/default/hello_world_small.o
nios2-elf-gcc -xc -MP -MMD -c -I../IP_project_bsp//HAL/inc -I../IP_project_bsp/ -I../IP_project_bsp//drivers/inc  -pipe -D__hal__ -DALT_NO_C_PLUS_PLUS -DALT_NO_CLEAN_EXIT -D'exit(a)=_exit(a)' -DALT_NO_EXIT -DALT_USE_DIRECT_DRIVERS -DALT_NO_INSTRUCTION_EMULATION -DALT_USE_SMALL_DRIVERS -DSMALL_C_LIB -DALT_SINGLE_THREADED    -Os -g -Wall   -mno-hw-div -mno-hw-mul -mno-hw-mulx -mgpopt=global  -o obj/default/hello_world_small.o hello_world_small.c
Info: Linking IP_project.elf
nios2-elf-g++  -T'../IP_project_bsp//linker.x' -msys-crt0='../IP_project_bsp//obj/HAL/src/crt0.o' -msys-lib=hal_bsp -L../IP_project_bsp/  -msmallc  -Wl,-Map=IP_project.map   -Os -g -Wall   -mno-hw-div -mno-hw-mul -mno-hw-mulx -mgpopt=global  -o IP_project.elf obj/default/hello_world_small.o -lm -msys-lib=m
nios2-elf-insert IP_project.elf --thread_model hal --cpu_name cpu --qsys true --simulation_enabled false --stderr_dev jtag_uart --stdin_dev jtag_uart --stdout_dev jtag_uart --sopc_system_name nios_accelerometer --quartus_project_dir "C:/Users/gsamr/Desktop/Uni/Yr2/Information_Processing/Lab-3" --jdi C:/Users/gsamr/Desktop/Uni/Yr2/Information_Processing/Lab-3/software/IP_project_bsp/../../DE10_LITE_Golden_Top.jdi --sopcinfo C:/Users/gsamr/Desktop/Uni/Yr2/Information_Processing/Lab-3/software/IP_project_bsp/../../nios_accelerometer.sopcinfo
Info: (IP_project.elf) 4472 Bytes program size (code + initialized data).
Info:                  59 KBytes free for stack + heap.
Info: Creating IP_project.objdump
nios2-elf-objdump --disassemble --syms --all-header --source IP_project.elf >IP_project.objdump
[IP_project build complete]
